<?xml version="1.0" encoding="UTF-8"?>
<!-- Generated by org.testng.reporters.JUnitReportReporter -->
<testsuite hostname="Yaminis-MacBook-Air.local" failures="0" tests="1" name="com.tekarch.salesforce.tests.AutomationScripts" time="14.822" errors="0" timestamp="2022-05-25T12:06:40 PDT" skipped="0">
  <testcase classname="com.tekarch.salesforce.tests.AutomationScripts" name="logintest_tc1" time="14.822"/>
  <system-out/>
</testsuite> <!-- com.tekarch.salesforce.tests.AutomationScripts -->
