<?xml version="1.0" encoding="UTF-8"?>
<!-- Generated by org.testng.reporters.JUnitReportReporter -->
<testsuite hostname="Yaminis-MacBook-Air.local" failures="0" tests="3" name="com.tekarch.salesforce.tests.SFLoginTest" time="0.211" errors="0" timestamp="2022-05-23T00:18:07 PDT" skipped="0">
  <testcase classname="com.tekarch.salesforce.tests.SFLoginTest" name="logintest" time="0.123"/>
  <system-out/>
  <testcase classname="com.tekarch.salesforce.tests.SFLoginTest" name="logintest" time="0.001"/>
  <system-out/>
  <testcase classname="com.tekarch.salesforce.tests.SFLoginTest" name="logintest" time="0.087"/>
  <system-out/>
</testsuite> <!-- com.tekarch.salesforce.tests.SFLoginTest -->
